[CALL   ] int Factorial(int)(arg0=-5)
[RETURN ] int Factorial(int) => 1
[CALL   ] int Factorial(int)(arg0=-1)
[RETURN ] int Factorial(int) => 1
[CALL   ] int Factorial(int)(arg0=-10)
[RETURN ] int Factorial(int) => 1
[CALL   ] int Factorial(int)(arg0=0)
[RETURN ] int Factorial(int) => 1
[CALL   ] int Factorial(int)(arg0=1)
[RETURN ] int Factorial(int) => 1
[CALL   ] int Factorial(int)(arg0=2)
[RETURN ] int Factorial(int) => 2
[CALL   ] int Factorial(int)(arg0=3)
[RETURN ] int Factorial(int) => 6
[CALL   ] int Factorial(int)(arg0=8)
[RETURN ] int Factorial(int) => 40320
[CALL   ] bool IsPrime(int)(arg0=-1)
[RETURN ] bool IsPrime(int) => 0
[CALL   ] bool IsPrime(int)(arg0=-2)
[RETURN ] bool IsPrime(int) => 0
[CALL   ] bool IsPrime(int)(arg0=-2147483648)
[RETURN ] bool IsPrime(int) => 0
[CALL   ] bool IsPrime(int)(arg0=0)
[RETURN ] bool IsPrime(int) => 0
[CALL   ] bool IsPrime(int)(arg0=1)
[RETURN ] bool IsPrime(int) => 0
[CALL   ] bool IsPrime(int)(arg0=2)
[RETURN ] bool IsPrime(int) => 1
[CALL   ] bool IsPrime(int)(arg0=3)
[RETURN ] bool IsPrime(int) => 1
[CALL   ] bool IsPrime(int)(arg0=4)
[RETURN ] bool IsPrime(int) => 0
[CALL   ] bool IsPrime(int)(arg0=5)
[RETURN ] bool IsPrime(int) => 1
[CALL   ] bool IsPrime(int)(arg0=6)
[RETURN ] bool IsPrime(int) => 0
[CALL   ] bool IsPrime(int)(arg0=23)
[RETURN ] bool IsPrime(int) => 1
