
[LOG    ] Run 시작: void testing::Test::Run()
  [CALL   ] depth=1 int Factorial(int)(arg0=-5)
  [RETURN ] depth=1 int Factorial(int) => 1
  [CALL   ] depth=1 int Factorial(int)(arg0=-1)
  [RETURN ] depth=1 int Factorial(int) => 1
  [CALL   ] depth=1 int Factorial(int)(arg0=-10)
  [RETURN ] depth=1 int Factorial(int) => 1
[LOG    ] Run 끝: void testing::Test::Run()


[LOG    ] Run 시작: void testing::Test::Run()
  [CALL   ] depth=1 int Factorial(int)(arg0=0)
  [RETURN ] depth=1 int Factorial(int) => 1
[LOG    ] Run 끝: void testing::Test::Run()


[LOG    ] Run 시작: void testing::Test::Run()
  [CALL   ] depth=1 int Factorial(int)(arg0=1)
  [RETURN ] depth=1 int Factorial(int) => 1
  [CALL   ] depth=1 int Factorial(int)(arg0=2)
  [RETURN ] depth=1 int Factorial(int) => 2
  [CALL   ] depth=1 int Factorial(int)(arg0=3)
  [RETURN ] depth=1 int Factorial(int) => 6
  [CALL   ] depth=1 int Factorial(int)(arg0=8)
  [RETURN ] depth=1 int Factorial(int) => 40320
[LOG    ] Run 끝: void testing::Test::Run()


[LOG    ] Run 시작: void testing::Test::Run()
  [CALL   ] depth=1 bool IsPrime(int)(arg0=-1)
  [RETURN ] depth=1 bool IsPrime(int) => 0
  [CALL   ] depth=1 bool IsPrime(int)(arg0=-2)
  [RETURN ] depth=1 bool IsPrime(int) => 0
  [CALL   ] depth=1 bool IsPrime(int)(arg0=-2147483648)
  [RETURN ] depth=1 bool IsPrime(int) => 0
[LOG    ] Run 끝: void testing::Test::Run()


[LOG    ] Run 시작: void testing::Test::Run()
  [CALL   ] depth=1 bool IsPrime(int)(arg0=0)
  [RETURN ] depth=1 bool IsPrime(int) => 0
  [CALL   ] depth=1 bool IsPrime(int)(arg0=1)
  [RETURN ] depth=1 bool IsPrime(int) => 0
  [CALL   ] depth=1 bool IsPrime(int)(arg0=2)
  [RETURN ] depth=1 bool IsPrime(int) => 1
  [CALL   ] depth=1 bool IsPrime(int)(arg0=3)
  [RETURN ] depth=1 bool IsPrime(int) => 1
[LOG    ] Run 끝: void testing::Test::Run()


[LOG    ] Run 시작: void testing::Test::Run()
  [CALL   ] depth=1 bool IsPrime(int)(arg0=4)
  [RETURN ] depth=1 bool IsPrime(int) => 0
  [CALL   ] depth=1 bool IsPrime(int)(arg0=5)
  [RETURN ] depth=1 bool IsPrime(int) => 1
  [CALL   ] depth=1 bool IsPrime(int)(arg0=6)
  [RETURN ] depth=1 bool IsPrime(int) => 0
  [CALL   ] depth=1 bool IsPrime(int)(arg0=23)
  [RETURN ] depth=1 bool IsPrime(int) => 1
[LOG    ] Run 끝: void testing::Test::Run()

