Running main() from /tmp/googletest/googletest/src/gtest_main.cc
[==========] Running 48 tests from 13 test suites.
[----------] Global test environment set-up.
[----------] 3 tests from FactorialTest
[ RUN      ] FactorialTest.Negative
[       OK ] FactorialTest.Negative (5 ms)
[ RUN      ] FactorialTest.Zero
[       OK ] FactorialTest.Zero (3 ms)
[ RUN      ] FactorialTest.Positive
[       OK ] FactorialTest.Positive (11 ms)
[----------] 3 tests from FactorialTest (635 ms total)

[----------] 3 tests from IsPrimeTest
[ RUN      ] IsPrimeTest.Negative
[       OK ] IsPrimeTest.Negative (6 ms)
[ RUN      ] IsPrimeTest.Trivial
[       OK ] IsPrimeTest.Trivial (5 ms)
[ RUN      ] IsPrimeTest.Positive
[       OK ] IsPrimeTest.Positive (7 ms)
[----------] 3 tests from IsPrimeTest (700 ms total)

[----------] 4 tests from MyString
[ RUN      ] MyString.DefaultConstructor
[       OK ] MyString.DefaultConstructor (6 ms)
[ RUN      ] MyString.ConstructorFromCString
[       OK ] MyString.ConstructorFromCString (9 ms)
[ RUN      ] MyString.CopyConstructor
[       OK ] MyString.CopyConstructor (14 ms)
[ RUN      ] MyString.Set
[       OK ] MyString.Set (16 ms)
[----------] 4 tests from MyString (940 ms total)

[----------] 3 tests from QueueTestSmpl3
[ RUN      ] QueueTestSmpl3.DefaultConstructor
[       OK ] QueueTestSmpl3.DefaultConstructor (101 ms)
[ RUN      ] QueueTestSmpl3.Dequeue
[       OK ] QueueTestSmpl3.Dequeue (145 ms)
[ RUN      ] QueueTestSmpl3.Map
[       OK ] QueueTestSmpl3.Map (474 ms)
[----------] 3 tests from QueueTestSmpl3 (1354 ms total)

[----------] 1 test from Counter
[ RUN      ] Counter.Increment
[       OK ] Counter.Increment (12 ms)
[----------] 1 test from Counter (245 ms total)

[----------] 2 tests from IntegerFunctionTest
[ RUN      ] IntegerFunctionTest.Factorial
[       OK ] IntegerFunctionTest.Factorial (22 ms)
[ RUN      ] IntegerFunctionTest.IsPrime
[       OK ] IntegerFunctionTest.IsPrime (54 ms)
[----------] 2 tests from IntegerFunctionTest (548 ms total)

[----------] 2 tests from QueueTest
[ RUN      ] QueueTest.DefaultConstructor
[       OK ] QueueTest.DefaultConstructor (127 ms)
[ RUN      ] QueueTest.Dequeue
[       OK ] QueueTest.Dequeue (290 ms)
[----------] 2 tests from QueueTest (966 ms total)

[----------] 3 tests from PrimeTableTest/0, where TypeParam = OnTheFlyPrimeTable
[ RUN      ] PrimeTableTest/0.ReturnsFalseForNonPrimes
[       OK ] PrimeTableTest/0.ReturnsFalseForNonPrimes (207 ms)
[ RUN      ] PrimeTableTest/0.ReturnsTrueForPrimes
[       OK ] PrimeTableTest/0.ReturnsTrueForPrimes (85 ms)
[ RUN      ] PrimeTableTest/0.CanGetNextPrime
[       OK ] PrimeTableTest/0.CanGetNextPrime (430 ms)
[----------] 3 tests from PrimeTableTest/0 (1887 ms total)

[----------] 3 tests from PrimeTableTest/1, where TypeParam = PreCalculatedPrimeTable
[ RUN      ] PrimeTableTest/1.ReturnsFalseForNonPrimes
[       OK ] PrimeTableTest/1.ReturnsFalseForNonPrimes (163 ms)
[ RUN      ] PrimeTableTest/1.ReturnsTrueForPrimes
[       OK ] PrimeTableTest/1.ReturnsTrueForPrimes (127 ms)
[ RUN      ] PrimeTableTest/1.CanGetNextPrime
[       OK ] PrimeTableTest/1.CanGetNextPrime (107 ms)
[----------] 3 tests from PrimeTableTest/1 (1692 ms total)

[----------] 3 tests from OnTheFlyAndPreCalculated/PrimeTableTest2/0, where TypeParam = OnTheFlyPrimeTable
[ RUN      ] OnTheFlyAndPreCalculated/PrimeTableTest2/0.ReturnsFalseForNonPrimes
[       OK ] OnTheFlyAndPreCalculated/PrimeTableTest2/0.ReturnsFalseForNonPrimes (112 ms)
[ RUN      ] OnTheFlyAndPreCalculated/PrimeTableTest2/0.ReturnsTrueForPrimes
[       OK ] OnTheFlyAndPreCalculated/PrimeTableTest2/0.ReturnsTrueForPrimes (99 ms)
[ RUN      ] OnTheFlyAndPreCalculated/PrimeTableTest2/0.CanGetNextPrime
[       OK ] OnTheFlyAndPreCalculated/PrimeTableTest2/0.CanGetNextPrime (168 ms)
[----------] 3 tests from OnTheFlyAndPreCalculated/PrimeTableTest2/0 (1207 ms total)

[----------] 3 tests from OnTheFlyAndPreCalculated/PrimeTableTest2/1, where TypeParam = PreCalculatedPrimeTable
[ RUN      ] OnTheFlyAndPreCalculated/PrimeTableTest2/1.ReturnsFalseForNonPrimes
[       OK ] OnTheFlyAndPreCalculated/PrimeTableTest2/1.ReturnsFalseForNonPrimes (86 ms)
[ RUN      ] OnTheFlyAndPreCalculated/PrimeTableTest2/1.ReturnsTrueForPrimes
[       OK ] OnTheFlyAndPreCalculated/PrimeTableTest2/1.ReturnsTrueForPrimes (140 ms)
[ RUN      ] OnTheFlyAndPreCalculated/PrimeTableTest2/1.CanGetNextPrime
[       OK ] OnTheFlyAndPreCalculated/PrimeTableTest2/1.CanGetNextPrime (116 ms)
[----------] 3 tests from OnTheFlyAndPreCalculated/PrimeTableTest2/1 (960 ms total)

[----------] 6 tests from OnTheFlyAndPreCalculated/PrimeTableTestSmpl7
[ RUN      ] OnTheFlyAndPreCalculated/PrimeTableTestSmpl7.ReturnsFalseForNonPrimes/0
[       OK ] OnTheFlyAndPreCalculated/PrimeTableTestSmpl7.ReturnsFalseForNonPrimes/0 (21 ms)
[ RUN      ] OnTheFlyAndPreCalculated/PrimeTableTestSmpl7.ReturnsFalseForNonPrimes/1
[       OK ] OnTheFlyAndPreCalculated/PrimeTableTestSmpl7.ReturnsFalseForNonPrimes/1 (30 ms)
[ RUN      ] OnTheFlyAndPreCalculated/PrimeTableTestSmpl7.ReturnsTrueForPrimes/0
[       OK ] OnTheFlyAndPreCalculated/PrimeTableTestSmpl7.ReturnsTrueForPrimes/0 (21 ms)
[ RUN      ] OnTheFlyAndPreCalculated/PrimeTableTestSmpl7.ReturnsTrueForPrimes/1
[       OK ] OnTheFlyAndPreCalculated/PrimeTableTestSmpl7.ReturnsTrueForPrimes/1 (28 ms)
[ RUN      ] OnTheFlyAndPreCalculated/PrimeTableTestSmpl7.CanGetNextPrime/0
[       OK ] OnTheFlyAndPreCalculated/PrimeTableTestSmpl7.CanGetNextPrime/0 (38 ms)
[ RUN      ] OnTheFlyAndPreCalculated/PrimeTableTestSmpl7.CanGetNextPrime/1
[       OK ] OnTheFlyAndPreCalculated/PrimeTableTestSmpl7.CanGetNextPrime/1 (43 ms)
[----------] 6 tests from OnTheFlyAndPreCalculated/PrimeTableTestSmpl7 (1719 ms total)

[----------] 12 tests from MeaningfulTestParameters/PrimeTableTest
[ RUN      ] MeaningfulTestParameters/PrimeTableTest.ReturnsFalseForNonPrimes/0
[       OK ] MeaningfulTestParameters/PrimeTableTest.ReturnsFalseForNonPrimes/0 (55 ms)
[ RUN      ] MeaningfulTestParameters/PrimeTableTest.ReturnsFalseForNonPrimes/1
[       OK ] MeaningfulTestParameters/PrimeTableTest.ReturnsFalseForNonPrimes/1 (32 ms)
[ RUN      ] MeaningfulTestParameters/PrimeTableTest.ReturnsFalseForNonPrimes/2
[       OK ] MeaningfulTestParameters/PrimeTableTest.ReturnsFalseForNonPrimes/2 (47 ms)
[ RUN      ] MeaningfulTestParameters/PrimeTableTest.ReturnsFalseForNonPrimes/3
[       OK ] MeaningfulTestParameters/PrimeTableTest.ReturnsFalseForNonPrimes/3 (38 ms)
[ RUN      ] MeaningfulTestParameters/PrimeTableTest.ReturnsTrueForPrimes/0
[       OK ] MeaningfulTestParameters/PrimeTableTest.ReturnsTrueForPrimes/0 (51 ms)
[ RUN      ] MeaningfulTestParameters/PrimeTableTest.ReturnsTrueForPrimes/1
[       OK ] MeaningfulTestParameters/PrimeTableTest.ReturnsTrueForPrimes/1 (37 ms)
[ RUN      ] MeaningfulTestParameters/PrimeTableTest.ReturnsTrueForPrimes/2
[       OK ] MeaningfulTestParameters/PrimeTableTest.ReturnsTrueForPrimes/2 (31 ms)
[ RUN      ] MeaningfulTestParameters/PrimeTableTest.ReturnsTrueForPrimes/3
[       OK ] MeaningfulTestParameters/PrimeTableTest.ReturnsTrueForPrimes/3 (58 ms)
[ RUN      ] MeaningfulTestParameters/PrimeTableTest.CanGetNextPrime/0
[       OK ] MeaningfulTestParameters/PrimeTableTest.CanGetNextPrime/0 (46 ms)
[ RUN      ] MeaningfulTestParameters/PrimeTableTest.CanGetNextPrime/1
[       OK ] MeaningfulTestParameters/PrimeTableTest.CanGetNextPrime/1 (41 ms)
[ RUN      ] MeaningfulTestParameters/PrimeTableTest.CanGetNextPrime/2
[       OK ] MeaningfulTestParameters/PrimeTableTest.CanGetNextPrime/2 (163 ms)
[ RUN      ] MeaningfulTestParameters/PrimeTableTest.CanGetNextPrime/3
[       OK ] MeaningfulTestParameters/PrimeTableTest.CanGetNextPrime/3 (65 ms)
[----------] 12 tests from MeaningfulTestParameters/PrimeTableTest (4322 ms total)

[----------] Global test environment tear-down
[==========] 48 tests from 13 test suites ran. (17277 ms total)
[  PASSED  ] 48 tests.
